  NB_Model.cpp
d:\programmieren\nb_graphics\nb_graphics\nb_graphics\nb_texture.h(116): warning C4267: "return": Konvertierung von "size_t" nach "int", Datenverlust möglich
  NB_Standard_Shader.cpp
d:\programmieren\nb_graphics\nb_graphics\nb_graphics\nb_texture.h(116): warning C4267: "return": Konvertierung von "size_t" nach "int", Datenverlust möglich
d:\programmieren\nb_graphics\nb_graphics\nb_graphics\nb_standard_shader.cpp(154): warning C4267: "Argument": Konvertierung von "size_t" nach "GLint", Datenverlust möglich
  NB_Material.cpp
d:\programmieren\nb_graphics\nb_graphics\nb_graphics\nb_texture.h(116): warning C4267: "return": Konvertierung von "size_t" nach "int", Datenverlust möglich
  NB_Mesh.cpp
d:\programmieren\nb_graphics\nb_graphics\nb_graphics\nb_texture.h(116): warning C4267: "return": Konvertierung von "size_t" nach "int", Datenverlust möglich
  NB_Object.cpp
d:\programmieren\nb_graphics\nb_graphics\nb_graphics\nb_texture.h(116): warning C4267: "return": Konvertierung von "size_t" nach "int", Datenverlust möglich
  NB_Rendering_Mesh.cpp
d:\programmieren\nb_graphics\nb_graphics\nb_graphics\nb_texture.h(116): warning C4267: "return": Konvertierung von "size_t" nach "int", Datenverlust möglich
  NB_Texture.cpp
d:\programmieren\nb_graphics\nb_graphics\nb_graphics\nb_texture.h(116): warning C4267: "return": Konvertierung von "size_t" nach "int", Datenverlust möglich
d:\programmieren\nb_graphics\nb_graphics\nb_graphics\nb_texture.cpp(22): warning C4244: "=": Konvertierung von "float" in "unsigned char", möglicher Datenverlust
d:\programmieren\nb_graphics\nb_graphics\nb_graphics\nb_texture.cpp(23): warning C4244: "=": Konvertierung von "float" in "unsigned char", möglicher Datenverlust
d:\programmieren\nb_graphics\nb_graphics\nb_graphics\nb_texture.cpp(24): warning C4244: "=": Konvertierung von "float" in "unsigned char", möglicher Datenverlust
d:\programmieren\nb_graphics\nb_graphics\nb_graphics\nb_texture.cpp(25): warning C4244: "=": Konvertierung von "float" in "unsigned char", möglicher Datenverlust
d:\programmieren\nb_graphics\nb_graphics\nb_graphics\nb_texture.cpp(66): warning C4267: "Initialisierung": Konvertierung von "size_t" nach "int", Datenverlust möglich
d:\programmieren\nb_graphics\nb_graphics\nb_graphics\nb_texture.cpp(122): warning C4267: "return": Konvertierung von "size_t" nach "int", Datenverlust möglich
d:\programmieren\nb_graphics\nb_graphics\nb_graphics\nb_texture.cpp(130): warning C4267: "return": Konvertierung von "size_t" nach "int", Datenverlust möglich
  NB_Graphics.vcxproj -> D:\Programmieren\NB_Graphics\NB_Graphics\x64\Release\NB_Graphics.lib
