d:\programmieren\nb_graphics\nb_graphics\nb_graphics\x64\release\vc140.pdb
d:\programmieren\nb_graphics\nb_graphics\nb_graphics\x64\release\nb_shader.obj
d:\programmieren\nb_graphics\nb_graphics\nb_graphics\x64\release\nb_window.obj
d:\programmieren\nb_graphics\nb_graphics\nb_graphics\x64\release\nb_utility.obj
d:\programmieren\nb_graphics\nb_graphics\nb_graphics\x64\release\nb_texture.obj
d:\programmieren\nb_graphics\nb_graphics\nb_graphics\x64\release\nb_test_shader.obj
d:\programmieren\nb_graphics\nb_graphics\nb_graphics\x64\release\nb_test_application.obj
d:\programmieren\nb_graphics\nb_graphics\nb_graphics\x64\release\nb_rendering_mesh.obj
d:\programmieren\nb_graphics\nb_graphics\nb_graphics\x64\release\nb_object.obj
d:\programmieren\nb_graphics\nb_graphics\nb_graphics\x64\release\nb_mesh.obj
d:\programmieren\nb_graphics\nb_graphics\nb_graphics\x64\release\nb_light.obj
d:\programmieren\nb_graphics\nb_graphics\nb_graphics\x64\release\nb_camera.obj
d:\programmieren\nb_graphics\nb_graphics\nb_graphics\x64\release\main.obj
d:\programmieren\nb_graphics\nb_graphics\x64\release\nb_graphics.exe
d:\programmieren\nb_graphics\nb_graphics\x64\release\nb_graphics.ipdb
d:\programmieren\nb_graphics\nb_graphics\x64\release\nb_graphics.iobj
d:\programmieren\nb_graphics\nb_graphics\x64\release\nb_graphics.pdb
d:\programmieren\nb_graphics\nb_graphics\nb_graphics\x64\release\nb_graphics.tlog\cl.command.1.tlog
d:\programmieren\nb_graphics\nb_graphics\nb_graphics\x64\release\nb_graphics.tlog\cl.read.1.tlog
d:\programmieren\nb_graphics\nb_graphics\nb_graphics\x64\release\nb_graphics.tlog\cl.write.1.tlog
d:\programmieren\nb_graphics\nb_graphics\nb_graphics\x64\release\nb_graphics.tlog\link.command.1.tlog
d:\programmieren\nb_graphics\nb_graphics\nb_graphics\x64\release\nb_graphics.tlog\link.read.1.tlog
d:\programmieren\nb_graphics\nb_graphics\nb_graphics\x64\release\nb_graphics.tlog\link.write.1.tlog
